<?xml version="1.0" encoding="UTF-8"?>
<testng-results ignored="0" total="2" passed="2" failed="0" skipped="0">
  <reporter-output>
    <line>
      <![CDATA[TestFetchDropDown : initialize]]>
    </line>
    <line>
      <![CDATA[TestFetchDropDown: test Drop Down All Option]]>
    </line>
    <line>
      <![CDATA[TestFetchDropDown : initialize]]>
    </line>
    <line>
      <![CDATA[TestFetchDropDown: test Drop Down Single Option]]>
    </line>
  </reporter-output>
  <suite started-at="2019-01-22T02:05:12Z" name="Amazon Automation Script" finished-at="2019-01-22T02:05:36Z" duration-ms="24005">
    <groups>
    </groups>
    <test started-at="2019-01-22T02:05:12Z" name="Amazon Dropdown" finished-at="2019-01-22T02:05:36Z" duration-ms="24005">
      <class name="testDropDown.TestFetchDropDown">
        <test-method is-config="true" signature="extentSetup(org.testng.ITestContext)[pri:0, instance:testDropDown.TestFetchDropDown@12aba8be]" started-at="2019-01-22T02:05:11Z" name="extentSetup" finished-at="2019-01-22T02:05:12Z" duration-ms="191" status="PASS">
          <params>
            <param index="0">
              <value>
                <![CDATA[org.testng.TestRunner@2b4786dd]]>
              </value>
            </param>
          </params>
          <reporter-output>
          </reporter-output>
        </test-method> <!-- extentSetup -->
        <test-method is-config="true" signature="setUp(boolean, java.lang.String, java.lang.String, java.lang.String, java.lang.String, java.lang.String, java.lang.String)[pri:0, instance:testDropDown.TestFetchDropDown@12aba8be]" started-at="2019-01-22T02:05:12Z" name="setUp" finished-at="2019-01-22T02:05:21Z" duration-ms="9832" status="PASS">
          <params>
            <param index="0">
              <value>
                <![CDATA[false]]>
              </value>
            </param>
            <param index="1">
              <value>
                <![CDATA[browserstack]]>
              </value>
            </param>
            <param index="2">
              <value>
                <![CDATA[Windows]]>
              </value>
            </param>
            <param index="3">
              <value>
                <![CDATA[10]]>
              </value>
            </param>
            <param index="4">
              <value>
                <![CDATA[chrome]]>
              </value>
            </param>
            <param index="5">
              <value>
                <![CDATA[60.0]]>
              </value>
            </param>
            <param index="6">
              <value>
                <![CDATA[https://www.amazon.com/]]>
              </value>
            </param>
          </params>
          <reporter-output>
          </reporter-output>
        </test-method> <!-- setUp -->
        <test-method is-config="true" signature="startExtent(java.lang.reflect.Method)[pri:0, instance:testDropDown.TestFetchDropDown@12aba8be]" started-at="2019-01-22T02:05:21Z" name="startExtent" finished-at="2019-01-22T02:05:21Z" duration-ms="6" status="PASS">
          <params>
            <param index="0">
              <value>
                <![CDATA[public void testDropDown.TestFetchDropDown.testDropDownAllOption()]]>
              </value>
            </param>
          </params>
          <reporter-output>
          </reporter-output>
        </test-method> <!-- startExtent -->
        <test-method is-config="true" signature="initialize()[pri:0, instance:testDropDown.TestFetchDropDown@12aba8be]" started-at="2019-01-22T02:05:21Z" name="initialize" finished-at="2019-01-22T02:05:21Z" duration-ms="16" status="PASS">
          <reporter-output>
            <line>
              <![CDATA[TestFetchDropDown : initialize]]>
            </line>
          </reporter-output>
        </test-method> <!-- initialize -->
        <test-method signature="testDropDownAllOption()[pri:1, instance:testDropDown.TestFetchDropDown@12aba8be]" started-at="2019-01-22T02:05:21Z" name="testDropDownAllOption" finished-at="2019-01-22T02:05:23Z" duration-ms="1628" status="PASS">
          <reporter-output>
            <line>
              <![CDATA[TestFetchDropDown: test Drop Down All Option]]>
            </line>
          </reporter-output>
        </test-method> <!-- testDropDownAllOption -->
        <test-method is-config="true" signature="afterEachTestMethod(org.testng.ITestResult)[pri:0, instance:testDropDown.TestFetchDropDown@12aba8be]" started-at="2019-01-22T02:05:23Z" name="afterEachTestMethod" finished-at="2019-01-22T02:05:25Z" duration-ms="1764" status="PASS">
          <params>
            <param index="0">
              <value>
                <![CDATA[[TestResult name=testDropDownAllOption status=SUCCESS method=TestFetchDropDown.testDropDownAllOption()[pri:1, instance:testDropDown.TestFetchDropDown@12aba8be] output=TestFetchDropDown: test Drop Down All Option]]]>
              </value>
            </param>
          </params>
          <reporter-output>
          </reporter-output>
        </test-method> <!-- afterEachTestMethod -->
        <test-method is-config="true" signature="setUp(boolean, java.lang.String, java.lang.String, java.lang.String, java.lang.String, java.lang.String, java.lang.String)[pri:0, instance:testDropDown.TestFetchDropDown@12aba8be]" started-at="2019-01-22T02:05:25Z" name="setUp" finished-at="2019-01-22T02:05:34Z" duration-ms="9499" status="PASS">
          <params>
            <param index="0">
              <value>
                <![CDATA[false]]>
              </value>
            </param>
            <param index="1">
              <value>
                <![CDATA[browserstack]]>
              </value>
            </param>
            <param index="2">
              <value>
                <![CDATA[Windows]]>
              </value>
            </param>
            <param index="3">
              <value>
                <![CDATA[10]]>
              </value>
            </param>
            <param index="4">
              <value>
                <![CDATA[chrome]]>
              </value>
            </param>
            <param index="5">
              <value>
                <![CDATA[60.0]]>
              </value>
            </param>
            <param index="6">
              <value>
                <![CDATA[https://www.amazon.com/]]>
              </value>
            </param>
          </params>
          <reporter-output>
          </reporter-output>
        </test-method> <!-- setUp -->
        <test-method is-config="true" signature="startExtent(java.lang.reflect.Method)[pri:0, instance:testDropDown.TestFetchDropDown@12aba8be]" started-at="2019-01-22T02:05:34Z" name="startExtent" finished-at="2019-01-22T02:05:34Z" duration-ms="1" status="PASS">
          <params>
            <param index="0">
              <value>
                <![CDATA[public void testDropDown.TestFetchDropDown.testDropDownSingleOption()]]>
              </value>
            </param>
          </params>
          <reporter-output>
          </reporter-output>
        </test-method> <!-- startExtent -->
        <test-method is-config="true" signature="initialize()[pri:0, instance:testDropDown.TestFetchDropDown@12aba8be]" started-at="2019-01-22T02:05:34Z" name="initialize" finished-at="2019-01-22T02:05:34Z" duration-ms="1" status="PASS">
          <reporter-output>
            <line>
              <![CDATA[TestFetchDropDown : initialize]]>
            </line>
          </reporter-output>
        </test-method> <!-- initialize -->
        <test-method signature="testDropDownSingleOption()[pri:2, instance:testDropDown.TestFetchDropDown@12aba8be]" started-at="2019-01-22T02:05:34Z" name="testDropDownSingleOption" finished-at="2019-01-22T02:05:35Z" duration-ms="231" status="PASS">
          <reporter-output>
            <line>
              <![CDATA[TestFetchDropDown: test Drop Down Single Option]]>
            </line>
          </reporter-output>
        </test-method> <!-- testDropDownSingleOption -->
        <test-method is-config="true" signature="afterEachTestMethod(org.testng.ITestResult)[pri:0, instance:testDropDown.TestFetchDropDown@12aba8be]" started-at="2019-01-22T02:05:35Z" name="afterEachTestMethod" finished-at="2019-01-22T02:05:36Z" duration-ms="1014" status="PASS">
          <params>
            <param index="0">
              <value>
                <![CDATA[[TestResult name=testDropDownSingleOption status=SUCCESS method=TestFetchDropDown.testDropDownSingleOption()[pri:2, instance:testDropDown.TestFetchDropDown@12aba8be] output=TestFetchDropDown: test Drop Down Single Option]]]>
              </value>
            </param>
          </params>
          <reporter-output>
          </reporter-output>
        </test-method> <!-- afterEachTestMethod -->
        <test-method is-config="true" signature="generateReport()[pri:0, instance:testDropDown.TestFetchDropDown@12aba8be]" started-at="2019-01-22T02:05:36Z" name="generateReport" finished-at="2019-01-22T02:05:36Z" duration-ms="95" status="PASS">
          <reporter-output>
          </reporter-output>
        </test-method> <!-- generateReport -->
      </class> <!-- testDropDown.TestFetchDropDown -->
    </test> <!-- Amazon Dropdown -->
  </suite> <!-- Amazon Automation Script -->
</testng-results>
