<?xml version="1.0" encoding="UTF-8"?>
<!-- Generated by org.testng.reporters.JUnitXMLReporter -->
<testsuite ignored="0" hostname="shagrias-MacBook-Air.local" failures="0" tests="69" name="Amazon Home" time="0.091" errors="0" timestamp="12 Jan 2019 17:06:15 GMT">
  <testcase classname="base.BaseUtil" name="@BeforeMethod setUp" time="0.034">
    <failure type="java.lang.IllegalStateException" message="The driver executable does not exist: /Users/shagriakabir/Desktop/tofael/kabir/BlueGrass/Amazon/..\Generic\browserDriver\chromedriver.exe">
      <![CDATA[java.lang.IllegalStateException: The driver executable does not exist: /Users/shagriakabir/Desktop/tofael/kabir/BlueGrass/Amazon/..\Generic\browserDriver\chromedriver.exe
at com.google.common.base.Preconditions.checkState(Preconditions.java:585)
at org.openqa.selenium.remote.service.DriverService.checkExecutable(DriverService.java:137)
at org.openqa.selenium.remote.service.DriverService.findExecutable(DriverService.java:132)
at org.openqa.selenium.chrome.ChromeDriverService.access$000(ChromeDriverService.java:35)
at org.openqa.selenium.chrome.ChromeDriverService$Builder.findDefaultExecutable(ChromeDriverService.java:156)
at org.openqa.selenium.remote.service.DriverService$Builder.build(DriverService.java:346)
at org.openqa.selenium.chrome.ChromeDriverService.createDefaultService(ChromeDriverService.java:91)
at org.openqa.selenium.chrome.ChromeDriver.<init>(ChromeDriver.java:123)
at base.BaseUtil.getLocalDriver(BaseUtil.java:77)
at base.BaseUtil.setUp(BaseUtil.java:61)
... Removed 32 stack frames]]>
    </failure>
  </testcase> <!-- @BeforeMethod setUp -->
  <testcase classname="base.BaseUtil" name="@BeforeMethod startExtent" time="0.0">
    <skipped/>
  </testcase> <!-- @BeforeMethod startExtent -->
  <testcase classname="testHomePage.TestMainPage" name="@BeforeMethod initElements" time="0.0">
    <skipped/>
  </testcase> <!-- @BeforeMethod initElements -->
  <testcase classname="base.BaseUtil" name="@AfterMethod afterEachTestMethod" time="0.0">
    <skipped/>
  </testcase> <!-- @AfterMethod afterEachTestMethod -->
  <testcase classname="base.BaseUtil" name="@BeforeMethod setUp" time="0.0">
    <skipped/>
  </testcase> <!-- @BeforeMethod setUp -->
  <testcase classname="base.BaseUtil" name="@BeforeMethod startExtent" time="0.0">
    <skipped/>
  </testcase> <!-- @BeforeMethod startExtent -->
  <testcase classname="testHomePage.TestMainPage" name="@BeforeMethod initElements" time="0.0">
    <skipped/>
  </testcase> <!-- @BeforeMethod initElements -->
  <testcase classname="base.BaseUtil" name="@AfterMethod afterEachTestMethod" time="0.0">
    <skipped/>
  </testcase> <!-- @AfterMethod afterEachTestMethod -->
  <testcase classname="base.BaseUtil" name="@BeforeMethod setUp" time="0.0">
    <skipped/>
  </testcase> <!-- @BeforeMethod setUp -->
  <testcase classname="base.BaseUtil" name="@BeforeMethod startExtent" time="0.0">
    <skipped/>
  </testcase> <!-- @BeforeMethod startExtent -->
  <testcase classname="testHomePage.TestMainPage" name="@BeforeMethod initElements" time="0.0">
    <skipped/>
  </testcase> <!-- @BeforeMethod initElements -->
  <testcase classname="base.BaseUtil" name="@AfterMethod afterEachTestMethod" time="0.0">
    <skipped/>
  </testcase> <!-- @AfterMethod afterEachTestMethod -->
  <testcase classname="base.BaseUtil" name="@BeforeMethod setUp" time="0.0">
    <skipped/>
  </testcase> <!-- @BeforeMethod setUp -->
  <testcase classname="base.BaseUtil" name="@BeforeMethod startExtent" time="0.0">
    <skipped/>
  </testcase> <!-- @BeforeMethod startExtent -->
  <testcase classname="testHomePage.TestMainPage" name="@BeforeMethod initElements" time="0.0">
    <skipped/>
  </testcase> <!-- @BeforeMethod initElements -->
  <testcase classname="base.BaseUtil" name="@AfterMethod afterEachTestMethod" time="0.0">
    <skipped/>
  </testcase> <!-- @AfterMethod afterEachTestMethod -->
  <testcase classname="base.BaseUtil" name="@BeforeMethod setUp" time="0.0">
    <skipped/>
  </testcase> <!-- @BeforeMethod setUp -->
  <testcase classname="base.BaseUtil" name="@BeforeMethod startExtent" time="0.0">
    <skipped/>
  </testcase> <!-- @BeforeMethod startExtent -->
  <testcase classname="testHomePage.TestMainPage" name="@BeforeMethod initElements" time="0.0">
    <skipped/>
  </testcase> <!-- @BeforeMethod initElements -->
  <testcase classname="base.BaseUtil" name="@AfterMethod afterEachTestMethod" time="0.0">
    <skipped/>
  </testcase> <!-- @AfterMethod afterEachTestMethod -->
  <testcase classname="base.BaseUtil" name="@BeforeMethod setUp" time="0.0">
    <skipped/>
  </testcase> <!-- @BeforeMethod setUp -->
  <testcase classname="base.BaseUtil" name="@BeforeMethod startExtent" time="0.0">
    <skipped/>
  </testcase> <!-- @BeforeMethod startExtent -->
  <testcase classname="testHomePage.TestMainPage" name="@BeforeMethod initElements" time="0.0">
    <skipped/>
  </testcase> <!-- @BeforeMethod initElements -->
  <testcase classname="base.BaseUtil" name="@AfterMethod afterEachTestMethod" time="0.0">
    <skipped/>
  </testcase> <!-- @AfterMethod afterEachTestMethod -->
  <testcase classname="base.BaseUtil" name="@BeforeMethod setUp" time="0.0">
    <skipped/>
  </testcase> <!-- @BeforeMethod setUp -->
  <testcase classname="base.BaseUtil" name="@BeforeMethod startExtent" time="0.0">
    <skipped/>
  </testcase> <!-- @BeforeMethod startExtent -->
  <testcase classname="testHomePage.TestMainPage" name="@BeforeMethod initElements" time="0.0">
    <skipped/>
  </testcase> <!-- @BeforeMethod initElements -->
  <testcase classname="base.BaseUtil" name="@AfterMethod afterEachTestMethod" time="0.0">
    <skipped/>
  </testcase> <!-- @AfterMethod afterEachTestMethod -->
  <testcase classname="base.BaseUtil" name="@BeforeMethod setUp" time="0.0">
    <skipped/>
  </testcase> <!-- @BeforeMethod setUp -->
  <testcase classname="base.BaseUtil" name="@BeforeMethod startExtent" time="0.0">
    <skipped/>
  </testcase> <!-- @BeforeMethod startExtent -->
  <testcase classname="testHomePage.TestMainPage" name="@BeforeMethod initElements" time="0.0">
    <skipped/>
  </testcase> <!-- @BeforeMethod initElements -->
  <testcase classname="base.BaseUtil" name="@AfterMethod afterEachTestMethod" time="0.0">
    <skipped/>
  </testcase> <!-- @AfterMethod afterEachTestMethod -->
  <testcase classname="base.BaseUtil" name="@BeforeMethod setUp" time="0.0">
    <skipped/>
  </testcase> <!-- @BeforeMethod setUp -->
  <testcase classname="base.BaseUtil" name="@BeforeMethod startExtent" time="0.0">
    <skipped/>
  </testcase> <!-- @BeforeMethod startExtent -->
  <testcase classname="testHomePage.TestMainPage" name="@BeforeMethod initElements" time="0.0">
    <skipped/>
  </testcase> <!-- @BeforeMethod initElements -->
  <testcase classname="base.BaseUtil" name="@AfterMethod afterEachTestMethod" time="0.0">
    <skipped/>
  </testcase> <!-- @AfterMethod afterEachTestMethod -->
  <testcase classname="base.BaseUtil" name="@BeforeMethod setUp" time="0.0">
    <skipped/>
  </testcase> <!-- @BeforeMethod setUp -->
  <testcase classname="base.BaseUtil" name="@BeforeMethod startExtent" time="0.0">
    <skipped/>
  </testcase> <!-- @BeforeMethod startExtent -->
  <testcase classname="testHomePage.TestMainPage" name="@BeforeMethod initElements" time="0.0">
    <skipped/>
  </testcase> <!-- @BeforeMethod initElements -->
  <testcase classname="base.BaseUtil" name="@AfterMethod afterEachTestMethod" time="0.0">
    <skipped/>
  </testcase> <!-- @AfterMethod afterEachTestMethod -->
  <testcase classname="base.BaseUtil" name="@BeforeMethod setUp" time="0.0">
    <skipped/>
  </testcase> <!-- @BeforeMethod setUp -->
  <testcase classname="base.BaseUtil" name="@BeforeMethod startExtent" time="0.0">
    <skipped/>
  </testcase> <!-- @BeforeMethod startExtent -->
  <testcase classname="testHomePage.TestMainPage" name="@BeforeMethod initElements" time="0.0">
    <skipped/>
  </testcase> <!-- @BeforeMethod initElements -->
  <testcase classname="base.BaseUtil" name="@AfterMethod afterEachTestMethod" time="0.0">
    <skipped/>
  </testcase> <!-- @AfterMethod afterEachTestMethod -->
  <testcase classname="base.BaseUtil" name="@BeforeMethod setUp" time="0.0">
    <skipped/>
  </testcase> <!-- @BeforeMethod setUp -->
  <testcase classname="base.BaseUtil" name="@BeforeMethod startExtent" time="0.0">
    <skipped/>
  </testcase> <!-- @BeforeMethod startExtent -->
  <testcase classname="testHomePage.TestMainPage" name="@BeforeMethod initElements" time="0.0">
    <skipped/>
  </testcase> <!-- @BeforeMethod initElements -->
  <testcase classname="base.BaseUtil" name="@AfterMethod afterEachTestMethod" time="0.0">
    <skipped/>
  </testcase> <!-- @AfterMethod afterEachTestMethod -->
  <testcase classname="base.BaseUtil" name="@BeforeMethod setUp" time="0.0">
    <skipped/>
  </testcase> <!-- @BeforeMethod setUp -->
  <testcase classname="base.BaseUtil" name="@BeforeMethod startExtent" time="0.0">
    <skipped/>
  </testcase> <!-- @BeforeMethod startExtent -->
  <testcase classname="testHomePage.TestMainPage" name="@BeforeMethod initElements" time="0.0">
    <skipped/>
  </testcase> <!-- @BeforeMethod initElements -->
  <testcase classname="base.BaseUtil" name="@AfterMethod afterEachTestMethod" time="0.0">
    <skipped/>
  </testcase> <!-- @AfterMethod afterEachTestMethod -->
  <testcase classname="base.BaseUtil" name="@BeforeMethod setUp" time="0.0">
    <skipped/>
  </testcase> <!-- @BeforeMethod setUp -->
  <testcase classname="base.BaseUtil" name="@BeforeMethod startExtent" time="0.0">
    <skipped/>
  </testcase> <!-- @BeforeMethod startExtent -->
  <testcase classname="testHomePage.TestMainPage" name="@BeforeMethod initElements" time="0.0">
    <skipped/>
  </testcase> <!-- @BeforeMethod initElements -->
  <testcase classname="base.BaseUtil" name="@AfterMethod afterEachTestMethod" time="0.0">
    <skipped/>
  </testcase> <!-- @AfterMethod afterEachTestMethod -->
  <testcase classname="base.BaseUtil" name="@BeforeMethod setUp" time="0.0">
    <skipped/>
  </testcase> <!-- @BeforeMethod setUp -->
  <testcase classname="base.BaseUtil" name="@BeforeMethod startExtent" time="0.0">
    <skipped/>
  </testcase> <!-- @BeforeMethod startExtent -->
  <testcase classname="testHomePage.TestMainPage" name="@BeforeMethod initElements" time="0.0">
    <skipped/>
  </testcase> <!-- @BeforeMethod initElements -->
  <testcase classname="base.BaseUtil" name="@AfterMethod afterEachTestMethod" time="0.0">
    <skipped/>
  </testcase> <!-- @AfterMethod afterEachTestMethod -->
  <testcase classname="base.BaseUtil" name="@BeforeMethod setUp" time="0.0">
    <skipped/>
  </testcase> <!-- @BeforeMethod setUp -->
  <testcase classname="base.BaseUtil" name="@BeforeMethod startExtent" time="0.0">
    <skipped/>
  </testcase> <!-- @BeforeMethod startExtent -->
  <testcase classname="testHomePage.TestMainPage" name="@BeforeMethod initElements" time="0.0">
    <skipped/>
  </testcase> <!-- @BeforeMethod initElements -->
  <testcase classname="base.BaseUtil" name="@AfterMethod afterEachTestMethod" time="0.0">
    <skipped/>
  </testcase> <!-- @AfterMethod afterEachTestMethod -->
  <testcase classname="base.BaseUtil" name="@BeforeMethod setUp" time="0.0">
    <skipped/>
  </testcase> <!-- @BeforeMethod setUp -->
  <testcase classname="base.BaseUtil" name="@BeforeMethod startExtent" time="0.0">
    <skipped/>
  </testcase> <!-- @BeforeMethod startExtent -->
  <testcase classname="testHomePage.TestMainPage" name="@BeforeMethod initElements" time="0.0">
    <skipped/>
  </testcase> <!-- @BeforeMethod initElements -->
  <testcase classname="base.BaseUtil" name="@AfterMethod afterEachTestMethod" time="0.0">
    <skipped/>
  </testcase> <!-- @AfterMethod afterEachTestMethod -->
  <testcase classname="base.BaseUtil" name="@BeforeMethod setUp" time="0.0">
    <skipped/>
  </testcase> <!-- @BeforeMethod setUp -->
  <testcase classname="base.BaseUtil" name="@BeforeMethod startExtent" time="0.0">
    <skipped/>
  </testcase> <!-- @BeforeMethod startExtent -->
  <testcase classname="testHomePage.TestMainPage" name="@BeforeMethod initElements" time="0.0">
    <skipped/>
  </testcase> <!-- @BeforeMethod initElements -->
  <testcase classname="base.BaseUtil" name="@AfterMethod afterEachTestMethod" time="0.0">
    <skipped/>
  </testcase> <!-- @AfterMethod afterEachTestMethod -->
  <testcase classname="base.BaseUtil" name="@BeforeMethod setUp" time="0.0">
    <skipped/>
  </testcase> <!-- @BeforeMethod setUp -->
  <testcase classname="base.BaseUtil" name="@BeforeMethod startExtent" time="0.0">
    <skipped/>
  </testcase> <!-- @BeforeMethod startExtent -->
  <testcase classname="testHomePage.TestMainPage" name="@BeforeMethod initElements" time="0.0">
    <skipped/>
  </testcase> <!-- @BeforeMethod initElements -->
  <testcase classname="base.BaseUtil" name="@AfterMethod afterEachTestMethod" time="0.0">
    <skipped/>
  </testcase> <!-- @AfterMethod afterEachTestMethod -->
  <testcase classname="base.BaseUtil" name="@BeforeMethod setUp" time="0.0">
    <skipped/>
  </testcase> <!-- @BeforeMethod setUp -->
  <testcase classname="base.BaseUtil" name="@BeforeMethod startExtent" time="0.0">
    <skipped/>
  </testcase> <!-- @BeforeMethod startExtent -->
  <testcase classname="testHomePage.TestMainPage" name="@BeforeMethod initElements" time="0.0">
    <skipped/>
  </testcase> <!-- @BeforeMethod initElements -->
  <testcase classname="base.BaseUtil" name="@AfterMethod afterEachTestMethod" time="0.0">
    <skipped/>
  </testcase> <!-- @AfterMethod afterEachTestMethod -->
  <testcase classname="base.BaseUtil" name="@BeforeMethod setUp" time="0.0">
    <skipped/>
  </testcase> <!-- @BeforeMethod setUp -->
  <testcase classname="base.BaseUtil" name="@BeforeMethod startExtent" time="0.0">
    <skipped/>
  </testcase> <!-- @BeforeMethod startExtent -->
  <testcase classname="testHomePage.TestMainPage" name="@BeforeMethod initElements" time="0.0">
    <skipped/>
  </testcase> <!-- @BeforeMethod initElements -->
  <testcase classname="base.BaseUtil" name="@AfterMethod afterEachTestMethod" time="0.0">
    <skipped/>
  </testcase> <!-- @AfterMethod afterEachTestMethod -->
  <testcase classname="base.BaseUtil" name="@BeforeMethod setUp" time="0.0">
    <skipped/>
  </testcase> <!-- @BeforeMethod setUp -->
  <testcase classname="base.BaseUtil" name="@BeforeMethod startExtent" time="0.0">
    <skipped/>
  </testcase> <!-- @BeforeMethod startExtent -->
  <testcase classname="testHomePage.TestMainPage" name="@BeforeMethod initElements" time="0.0">
    <skipped/>
  </testcase> <!-- @BeforeMethod initElements -->
  <testcase classname="base.BaseUtil" name="@AfterMethod afterEachTestMethod" time="0.0">
    <skipped/>
  </testcase> <!-- @AfterMethod afterEachTestMethod -->
  <testcase classname="base.BaseUtil" name="@BeforeMethod setUp" time="0.0">
    <skipped/>
  </testcase> <!-- @BeforeMethod setUp -->
  <testcase classname="base.BaseUtil" name="@BeforeMethod startExtent" time="0.0">
    <skipped/>
  </testcase> <!-- @BeforeMethod startExtent -->
  <testcase classname="testHomePage.TestMainPage" name="@BeforeMethod initElements" time="0.0">
    <skipped/>
  </testcase> <!-- @BeforeMethod initElements -->
  <testcase classname="base.BaseUtil" name="@AfterMethod afterEachTestMethod" time="0.0">
    <skipped/>
  </testcase> <!-- @AfterMethod afterEachTestMethod -->
  <testcase classname="base.BaseUtil" name="@BeforeMethod setUp" time="0.0">
    <skipped/>
  </testcase> <!-- @BeforeMethod setUp -->
  <testcase classname="base.BaseUtil" name="@BeforeMethod startExtent" time="0.0">
    <skipped/>
  </testcase> <!-- @BeforeMethod startExtent -->
  <testcase classname="testHomePage.TestMainPage" name="@BeforeMethod initElements" time="0.0">
    <skipped/>
  </testcase> <!-- @BeforeMethod initElements -->
  <testcase classname="base.BaseUtil" name="@AfterMethod afterEachTestMethod" time="0.0">
    <skipped/>
  </testcase> <!-- @AfterMethod afterEachTestMethod -->
  <testcase classname="base.BaseUtil" name="@BeforeMethod setUp" time="0.0">
    <skipped/>
  </testcase> <!-- @BeforeMethod setUp -->
  <testcase classname="base.BaseUtil" name="@BeforeMethod startExtent" time="0.0">
    <skipped/>
  </testcase> <!-- @BeforeMethod startExtent -->
  <testcase classname="testHomePage.TestMainPage" name="@BeforeMethod initElements" time="0.0">
    <skipped/>
  </testcase> <!-- @BeforeMethod initElements -->
  <testcase classname="base.BaseUtil" name="@AfterMethod afterEachTestMethod" time="0.0">
    <skipped/>
  </testcase> <!-- @AfterMethod afterEachTestMethod -->
  <testcase classname="base.BaseUtil" name="@BeforeMethod setUp" time="0.0">
    <skipped/>
  </testcase> <!-- @BeforeMethod setUp -->
  <testcase classname="base.BaseUtil" name="@BeforeMethod startExtent" time="0.0">
    <skipped/>
  </testcase> <!-- @BeforeMethod startExtent -->
  <testcase classname="testHomePage.TestMainPage" name="@BeforeMethod initElements" time="0.0">
    <skipped/>
  </testcase> <!-- @BeforeMethod initElements -->
  <testcase classname="base.BaseUtil" name="@AfterMethod afterEachTestMethod" time="0.0">
    <skipped/>
  </testcase> <!-- @AfterMethod afterEachTestMethod -->
  <testcase classname="base.BaseUtil" name="@BeforeMethod setUp" time="0.0">
    <skipped/>
  </testcase> <!-- @BeforeMethod setUp -->
  <testcase classname="base.BaseUtil" name="@BeforeMethod startExtent" time="0.0">
    <skipped/>
  </testcase> <!-- @BeforeMethod startExtent -->
  <testcase classname="testHomePage.TestMainPage" name="@BeforeMethod initElements" time="0.0">
    <skipped/>
  </testcase> <!-- @BeforeMethod initElements -->
  <testcase classname="base.BaseUtil" name="@AfterMethod afterEachTestMethod" time="0.0">
    <skipped/>
  </testcase> <!-- @AfterMethod afterEachTestMethod -->
  <testcase classname="base.BaseUtil" name="@BeforeMethod setUp" time="0.0">
    <skipped/>
  </testcase> <!-- @BeforeMethod setUp -->
  <testcase classname="base.BaseUtil" name="@BeforeMethod startExtent" time="0.0">
    <skipped/>
  </testcase> <!-- @BeforeMethod startExtent -->
  <testcase classname="testHomePage.TestMainPage" name="@BeforeMethod initElements" time="0.0">
    <skipped/>
  </testcase> <!-- @BeforeMethod initElements -->
  <testcase classname="base.BaseUtil" name="@AfterMethod afterEachTestMethod" time="0.0">
    <skipped/>
  </testcase> <!-- @AfterMethod afterEachTestMethod -->
  <testcase classname="base.BaseUtil" name="@BeforeMethod setUp" time="0.0">
    <skipped/>
  </testcase> <!-- @BeforeMethod setUp -->
  <testcase classname="base.BaseUtil" name="@BeforeMethod startExtent" time="0.0">
    <skipped/>
  </testcase> <!-- @BeforeMethod startExtent -->
  <testcase classname="testHomePage.TestMainPage" name="@BeforeMethod initElements" time="0.0">
    <skipped/>
  </testcase> <!-- @BeforeMethod initElements -->
  <testcase classname="base.BaseUtil" name="@AfterMethod afterEachTestMethod" time="0.0">
    <skipped/>
  </testcase> <!-- @AfterMethod afterEachTestMethod -->
  <testcase classname="base.BaseUtil" name="@BeforeMethod setUp" time="0.0">
    <skipped/>
  </testcase> <!-- @BeforeMethod setUp -->
  <testcase classname="base.BaseUtil" name="@BeforeMethod startExtent" time="0.0">
    <skipped/>
  </testcase> <!-- @BeforeMethod startExtent -->
  <testcase classname="testHomePage.TestMainPage" name="@BeforeMethod initElements" time="0.0">
    <skipped/>
  </testcase> <!-- @BeforeMethod initElements -->
  <testcase classname="base.BaseUtil" name="@AfterMethod afterEachTestMethod" time="0.0">
    <skipped/>
  </testcase> <!-- @AfterMethod afterEachTestMethod -->
  <testcase classname="base.BaseUtil" name="@BeforeMethod setUp" time="0.0">
    <skipped/>
  </testcase> <!-- @BeforeMethod setUp -->
  <testcase classname="base.BaseUtil" name="@BeforeMethod startExtent" time="0.0">
    <skipped/>
  </testcase> <!-- @BeforeMethod startExtent -->
  <testcase classname="testHomePage.TestMainPage" name="@BeforeMethod initElements" time="0.0">
    <skipped/>
  </testcase> <!-- @BeforeMethod initElements -->
  <testcase classname="base.BaseUtil" name="@AfterMethod afterEachTestMethod" time="0.0">
    <skipped/>
  </testcase> <!-- @AfterMethod afterEachTestMethod -->
  <testcase classname="base.BaseUtil" name="@BeforeMethod setUp" time="0.0">
    <skipped/>
  </testcase> <!-- @BeforeMethod setUp -->
  <testcase classname="base.BaseUtil" name="@BeforeMethod startExtent" time="0.0">
    <skipped/>
  </testcase> <!-- @BeforeMethod startExtent -->
  <testcase classname="testHomePage.TestMainPage" name="@BeforeMethod initElements" time="0.0">
    <skipped/>
  </testcase> <!-- @BeforeMethod initElements -->
  <testcase classname="base.BaseUtil" name="@AfterMethod afterEachTestMethod" time="0.0">
    <skipped/>
  </testcase> <!-- @AfterMethod afterEachTestMethod -->
  <testcase classname="base.BaseUtil" name="@BeforeMethod setUp" time="0.0">
    <skipped/>
  </testcase> <!-- @BeforeMethod setUp -->
  <testcase classname="base.BaseUtil" name="@BeforeMethod startExtent" time="0.0">
    <skipped/>
  </testcase> <!-- @BeforeMethod startExtent -->
  <testcase classname="testHomePage.TestMainPage" name="@BeforeMethod initElements" time="0.0">
    <skipped/>
  </testcase> <!-- @BeforeMethod initElements -->
  <testcase classname="base.BaseUtil" name="@AfterMethod afterEachTestMethod" time="0.0">
    <skipped/>
  </testcase> <!-- @AfterMethod afterEachTestMethod -->
  <testcase classname="base.BaseUtil" name="@BeforeMethod setUp" time="0.0">
    <skipped/>
  </testcase> <!-- @BeforeMethod setUp -->
  <testcase classname="base.BaseUtil" name="@BeforeMethod startExtent" time="0.0">
    <skipped/>
  </testcase> <!-- @BeforeMethod startExtent -->
  <testcase classname="testHomePage.TestMainPage" name="@BeforeMethod initElements" time="0.0">
    <skipped/>
  </testcase> <!-- @BeforeMethod initElements -->
  <testcase classname="base.BaseUtil" name="@AfterMethod afterEachTestMethod" time="0.0">
    <skipped/>
  </testcase> <!-- @AfterMethod afterEachTestMethod -->
  <testcase classname="base.BaseUtil" name="@BeforeMethod setUp" time="0.0">
    <skipped/>
  </testcase> <!-- @BeforeMethod setUp -->
  <testcase classname="base.BaseUtil" name="@BeforeMethod startExtent" time="0.0">
    <skipped/>
  </testcase> <!-- @BeforeMethod startExtent -->
  <testcase classname="testHomePage.TestMainPage" name="@BeforeMethod initElements" time="0.0">
    <skipped/>
  </testcase> <!-- @BeforeMethod initElements -->
  <testcase classname="base.BaseUtil" name="@AfterMethod afterEachTestMethod" time="0.0">
    <skipped/>
  </testcase> <!-- @AfterMethod afterEachTestMethod -->
  <testcase classname="base.BaseUtil" name="@BeforeMethod setUp" time="0.0">
    <skipped/>
  </testcase> <!-- @BeforeMethod setUp -->
  <testcase classname="base.BaseUtil" name="@BeforeMethod startExtent" time="0.0">
    <skipped/>
  </testcase> <!-- @BeforeMethod startExtent -->
  <testcase classname="testHomePage.TestMainPage" name="@BeforeMethod initElements" time="0.0">
    <skipped/>
  </testcase> <!-- @BeforeMethod initElements -->
  <testcase classname="base.BaseUtil" name="@AfterMethod afterEachTestMethod" time="0.0">
    <skipped/>
  </testcase> <!-- @AfterMethod afterEachTestMethod -->
  <testcase classname="base.BaseUtil" name="@BeforeMethod setUp" time="0.0">
    <skipped/>
  </testcase> <!-- @BeforeMethod setUp -->
  <testcase classname="base.BaseUtil" name="@BeforeMethod startExtent" time="0.0">
    <skipped/>
  </testcase> <!-- @BeforeMethod startExtent -->
  <testcase classname="testHomePage.TestMainPage" name="@BeforeMethod initElements" time="0.0">
    <skipped/>
  </testcase> <!-- @BeforeMethod initElements -->
  <testcase classname="base.BaseUtil" name="@AfterMethod afterEachTestMethod" time="0.0">
    <skipped/>
  </testcase> <!-- @AfterMethod afterEachTestMethod -->
  <testcase classname="base.BaseUtil" name="@BeforeMethod setUp" time="0.0">
    <skipped/>
  </testcase> <!-- @BeforeMethod setUp -->
  <testcase classname="base.BaseUtil" name="@BeforeMethod startExtent" time="0.0">
    <skipped/>
  </testcase> <!-- @BeforeMethod startExtent -->
  <testcase classname="testHomePage.TestMainPage" name="@BeforeMethod initElements" time="0.0">
    <skipped/>
  </testcase> <!-- @BeforeMethod initElements -->
  <testcase classname="base.BaseUtil" name="@AfterMethod afterEachTestMethod" time="0.0">
    <skipped/>
  </testcase> <!-- @AfterMethod afterEachTestMethod -->
  <testcase classname="base.BaseUtil" name="@BeforeMethod setUp" time="0.0">
    <skipped/>
  </testcase> <!-- @BeforeMethod setUp -->
  <testcase classname="base.BaseUtil" name="@BeforeMethod startExtent" time="0.0">
    <skipped/>
  </testcase> <!-- @BeforeMethod startExtent -->
  <testcase classname="testHomePage.TestMainPage" name="@BeforeMethod initElements" time="0.0">
    <skipped/>
  </testcase> <!-- @BeforeMethod initElements -->
  <testcase classname="base.BaseUtil" name="@AfterMethod afterEachTestMethod" time="0.0">
    <skipped/>
  </testcase> <!-- @AfterMethod afterEachTestMethod -->
  <testcase classname="base.BaseUtil" name="@BeforeMethod setUp" time="0.0">
    <skipped/>
  </testcase> <!-- @BeforeMethod setUp -->
  <testcase classname="base.BaseUtil" name="@BeforeMethod startExtent" time="0.0">
    <skipped/>
  </testcase> <!-- @BeforeMethod startExtent -->
  <testcase classname="testHomePage.TestMainPage" name="@BeforeMethod initElements" time="0.0">
    <skipped/>
  </testcase> <!-- @BeforeMethod initElements -->
  <testcase classname="base.BaseUtil" name="@AfterMethod afterEachTestMethod" time="0.0">
    <skipped/>
  </testcase> <!-- @AfterMethod afterEachTestMethod -->
  <testcase classname="base.BaseUtil" name="@BeforeMethod setUp" time="0.0">
    <skipped/>
  </testcase> <!-- @BeforeMethod setUp -->
  <testcase classname="base.BaseUtil" name="@BeforeMethod startExtent" time="0.0">
    <skipped/>
  </testcase> <!-- @BeforeMethod startExtent -->
  <testcase classname="testHomePage.TestMainPage" name="@BeforeMethod initElements" time="0.0">
    <skipped/>
  </testcase> <!-- @BeforeMethod initElements -->
  <testcase classname="base.BaseUtil" name="@AfterMethod afterEachTestMethod" time="0.0">
    <skipped/>
  </testcase> <!-- @AfterMethod afterEachTestMethod -->
  <testcase classname="base.BaseUtil" name="@BeforeMethod setUp" time="0.0">
    <skipped/>
  </testcase> <!-- @BeforeMethod setUp -->
  <testcase classname="base.BaseUtil" name="@BeforeMethod startExtent" time="0.0">
    <skipped/>
  </testcase> <!-- @BeforeMethod startExtent -->
  <testcase classname="testHomePage.TestMainPage" name="@BeforeMethod initElements" time="0.0">
    <skipped/>
  </testcase> <!-- @BeforeMethod initElements -->
  <testcase classname="base.BaseUtil" name="@AfterMethod afterEachTestMethod" time="0.0">
    <skipped/>
  </testcase> <!-- @AfterMethod afterEachTestMethod -->
  <testcase classname="base.BaseUtil" name="@BeforeMethod setUp" time="0.0">
    <skipped/>
  </testcase> <!-- @BeforeMethod setUp -->
  <testcase classname="base.BaseUtil" name="@BeforeMethod startExtent" time="0.0">
    <skipped/>
  </testcase> <!-- @BeforeMethod startExtent -->
  <testcase classname="testHomePage.TestMainPage" name="@BeforeMethod initElements" time="0.0">
    <skipped/>
  </testcase> <!-- @BeforeMethod initElements -->
  <testcase classname="base.BaseUtil" name="@AfterMethod afterEachTestMethod" time="0.0">
    <skipped/>
  </testcase> <!-- @AfterMethod afterEachTestMethod -->
  <testcase classname="base.BaseUtil" name="@BeforeMethod setUp" time="0.0">
    <skipped/>
  </testcase> <!-- @BeforeMethod setUp -->
  <testcase classname="base.BaseUtil" name="@BeforeMethod startExtent" time="0.0">
    <skipped/>
  </testcase> <!-- @BeforeMethod startExtent -->
  <testcase classname="testHomePage.TestMainPage" name="@BeforeMethod initElements" time="0.0">
    <skipped/>
  </testcase> <!-- @BeforeMethod initElements -->
  <testcase classname="base.BaseUtil" name="@AfterMethod afterEachTestMethod" time="0.0">
    <skipped/>
  </testcase> <!-- @AfterMethod afterEachTestMethod -->
  <testcase classname="base.BaseUtil" name="@BeforeMethod setUp" time="0.0">
    <skipped/>
  </testcase> <!-- @BeforeMethod setUp -->
  <testcase classname="base.BaseUtil" name="@BeforeMethod startExtent" time="0.0">
    <skipped/>
  </testcase> <!-- @BeforeMethod startExtent -->
  <testcase classname="testHomePage.TestMainPage" name="@BeforeMethod initElements" time="0.0">
    <skipped/>
  </testcase> <!-- @BeforeMethod initElements -->
  <testcase classname="base.BaseUtil" name="@AfterMethod afterEachTestMethod" time="0.0">
    <skipped/>
  </testcase> <!-- @AfterMethod afterEachTestMethod -->
  <testcase classname="base.BaseUtil" name="@BeforeMethod setUp" time="0.0">
    <skipped/>
  </testcase> <!-- @BeforeMethod setUp -->
  <testcase classname="base.BaseUtil" name="@BeforeMethod startExtent" time="0.0">
    <skipped/>
  </testcase> <!-- @BeforeMethod startExtent -->
  <testcase classname="testHomePage.TestMainPage" name="@BeforeMethod initElements" time="0.0">
    <skipped/>
  </testcase> <!-- @BeforeMethod initElements -->
  <testcase classname="base.BaseUtil" name="@AfterMethod afterEachTestMethod" time="0.0">
    <skipped/>
  </testcase> <!-- @AfterMethod afterEachTestMethod -->
  <testcase classname="base.BaseUtil" name="@BeforeMethod setUp" time="0.0">
    <skipped/>
  </testcase> <!-- @BeforeMethod setUp -->
  <testcase classname="base.BaseUtil" name="@BeforeMethod startExtent" time="0.0">
    <skipped/>
  </testcase> <!-- @BeforeMethod startExtent -->
  <testcase classname="testHomePage.TestMainPage" name="@BeforeMethod initElements" time="0.0">
    <skipped/>
  </testcase> <!-- @BeforeMethod initElements -->
  <testcase classname="base.BaseUtil" name="@AfterMethod afterEachTestMethod" time="0.0">
    <skipped/>
  </testcase> <!-- @AfterMethod afterEachTestMethod -->
  <testcase classname="base.BaseUtil" name="@BeforeMethod setUp" time="0.0">
    <skipped/>
  </testcase> <!-- @BeforeMethod setUp -->
  <testcase classname="base.BaseUtil" name="@BeforeMethod startExtent" time="0.0">
    <skipped/>
  </testcase> <!-- @BeforeMethod startExtent -->
  <testcase classname="testHomePage.TestMainPage" name="@BeforeMethod initElements" time="0.0">
    <skipped/>
  </testcase> <!-- @BeforeMethod initElements -->
  <testcase classname="base.BaseUtil" name="@AfterMethod afterEachTestMethod" time="0.0">
    <skipped/>
  </testcase> <!-- @AfterMethod afterEachTestMethod -->
  <testcase classname="base.BaseUtil" name="@BeforeMethod setUp" time="0.0">
    <skipped/>
  </testcase> <!-- @BeforeMethod setUp -->
  <testcase classname="base.BaseUtil" name="@BeforeMethod startExtent" time="0.0">
    <skipped/>
  </testcase> <!-- @BeforeMethod startExtent -->
  <testcase classname="testHomePage.TestMainPage" name="@BeforeMethod initElements" time="0.0">
    <skipped/>
  </testcase> <!-- @BeforeMethod initElements -->
  <testcase classname="base.BaseUtil" name="@AfterMethod afterEachTestMethod" time="0.0">
    <skipped/>
  </testcase> <!-- @AfterMethod afterEachTestMethod -->
  <testcase classname="base.BaseUtil" name="@BeforeMethod setUp" time="0.0">
    <skipped/>
  </testcase> <!-- @BeforeMethod setUp -->
  <testcase classname="base.BaseUtil" name="@BeforeMethod startExtent" time="0.0">
    <skipped/>
  </testcase> <!-- @BeforeMethod startExtent -->
  <testcase classname="testHomePage.TestMainPage" name="@BeforeMethod initElements" time="0.0">
    <skipped/>
  </testcase> <!-- @BeforeMethod initElements -->
  <testcase classname="base.BaseUtil" name="@AfterMethod afterEachTestMethod" time="0.0">
    <skipped/>
  </testcase> <!-- @AfterMethod afterEachTestMethod -->
  <testcase classname="base.BaseUtil" name="@BeforeMethod setUp" time="0.0">
    <skipped/>
  </testcase> <!-- @BeforeMethod setUp -->
  <testcase classname="base.BaseUtil" name="@BeforeMethod startExtent" time="0.0">
    <skipped/>
  </testcase> <!-- @BeforeMethod startExtent -->
  <testcase classname="testHomePage.TestMainPage" name="@BeforeMethod initElements" time="0.0">
    <skipped/>
  </testcase> <!-- @BeforeMethod initElements -->
  <testcase classname="base.BaseUtil" name="@AfterMethod afterEachTestMethod" time="0.0">
    <skipped/>
  </testcase> <!-- @AfterMethod afterEachTestMethod -->
  <testcase classname="base.BaseUtil" name="@BeforeMethod setUp" time="0.0">
    <skipped/>
  </testcase> <!-- @BeforeMethod setUp -->
  <testcase classname="base.BaseUtil" name="@BeforeMethod startExtent" time="0.0">
    <skipped/>
  </testcase> <!-- @BeforeMethod startExtent -->
  <testcase classname="testHomePage.TestMainPage" name="@BeforeMethod initElements" time="0.0">
    <skipped/>
  </testcase> <!-- @BeforeMethod initElements -->
  <testcase classname="base.BaseUtil" name="@AfterMethod afterEachTestMethod" time="0.0">
    <skipped/>
  </testcase> <!-- @AfterMethod afterEachTestMethod -->
  <testcase classname="base.BaseUtil" name="@BeforeMethod setUp" time="0.0">
    <skipped/>
  </testcase> <!-- @BeforeMethod setUp -->
  <testcase classname="base.BaseUtil" name="@BeforeMethod startExtent" time="0.0">
    <skipped/>
  </testcase> <!-- @BeforeMethod startExtent -->
  <testcase classname="testHomePage.TestMainPage" name="@BeforeMethod initElements" time="0.0">
    <skipped/>
  </testcase> <!-- @BeforeMethod initElements -->
  <testcase classname="base.BaseUtil" name="@AfterMethod afterEachTestMethod" time="0.0">
    <skipped/>
  </testcase> <!-- @AfterMethod afterEachTestMethod -->
  <testcase classname="base.BaseUtil" name="@BeforeMethod setUp" time="0.0">
    <skipped/>
  </testcase> <!-- @BeforeMethod setUp -->
  <testcase classname="base.BaseUtil" name="@BeforeMethod startExtent" time="0.0">
    <skipped/>
  </testcase> <!-- @BeforeMethod startExtent -->
  <testcase classname="testHomePage.TestMainPage" name="@BeforeMethod initElements" time="0.0">
    <skipped/>
  </testcase> <!-- @BeforeMethod initElements -->
  <testcase classname="base.BaseUtil" name="@AfterMethod afterEachTestMethod" time="0.0">
    <skipped/>
  </testcase> <!-- @AfterMethod afterEachTestMethod -->
  <testcase classname="base.BaseUtil" name="@BeforeMethod setUp" time="0.0">
    <skipped/>
  </testcase> <!-- @BeforeMethod setUp -->
  <testcase classname="base.BaseUtil" name="@BeforeMethod startExtent" time="0.0">
    <skipped/>
  </testcase> <!-- @BeforeMethod startExtent -->
  <testcase classname="testHomePage.TestMainPage" name="@BeforeMethod initElements" time="0.0">
    <skipped/>
  </testcase> <!-- @BeforeMethod initElements -->
  <testcase classname="base.BaseUtil" name="@AfterMethod afterEachTestMethod" time="0.0">
    <skipped/>
  </testcase> <!-- @AfterMethod afterEachTestMethod -->
  <testcase classname="base.BaseUtil" name="@BeforeMethod setUp" time="0.0">
    <skipped/>
  </testcase> <!-- @BeforeMethod setUp -->
  <testcase classname="base.BaseUtil" name="@BeforeMethod startExtent" time="0.0">
    <skipped/>
  </testcase> <!-- @BeforeMethod startExtent -->
  <testcase classname="testHomePage.TestMainPage" name="@BeforeMethod initElements" time="0.0">
    <skipped/>
  </testcase> <!-- @BeforeMethod initElements -->
  <testcase classname="base.BaseUtil" name="@AfterMethod afterEachTestMethod" time="0.0">
    <skipped/>
  </testcase> <!-- @AfterMethod afterEachTestMethod -->
  <testcase classname="base.BaseUtil" name="@BeforeMethod setUp" time="0.0">
    <skipped/>
  </testcase> <!-- @BeforeMethod setUp -->
  <testcase classname="base.BaseUtil" name="@BeforeMethod startExtent" time="0.0">
    <skipped/>
  </testcase> <!-- @BeforeMethod startExtent -->
  <testcase classname="testHomePage.TestMainPage" name="@BeforeMethod initElements" time="0.0">
    <skipped/>
  </testcase> <!-- @BeforeMethod initElements -->
  <testcase classname="base.BaseUtil" name="@AfterMethod afterEachTestMethod" time="0.0">
    <skipped/>
  </testcase> <!-- @AfterMethod afterEachTestMethod -->
  <testcase classname="base.BaseUtil" name="@BeforeMethod setUp" time="0.0">
    <skipped/>
  </testcase> <!-- @BeforeMethod setUp -->
  <testcase classname="base.BaseUtil" name="@BeforeMethod startExtent" time="0.0">
    <skipped/>
  </testcase> <!-- @BeforeMethod startExtent -->
  <testcase classname="testHomePage.TestMainPage" name="@BeforeMethod initElements" time="0.0">
    <skipped/>
  </testcase> <!-- @BeforeMethod initElements -->
  <testcase classname="base.BaseUtil" name="@AfterMethod afterEachTestMethod" time="0.0">
    <skipped/>
  </testcase> <!-- @AfterMethod afterEachTestMethod -->
  <testcase classname="base.BaseUtil" name="@BeforeMethod setUp" time="0.0">
    <skipped/>
  </testcase> <!-- @BeforeMethod setUp -->
  <testcase classname="base.BaseUtil" name="@BeforeMethod startExtent" time="0.0">
    <skipped/>
  </testcase> <!-- @BeforeMethod startExtent -->
  <testcase classname="testHomePage.TestMainPage" name="@BeforeMethod initElements" time="0.0">
    <skipped/>
  </testcase> <!-- @BeforeMethod initElements -->
  <testcase classname="base.BaseUtil" name="@AfterMethod afterEachTestMethod" time="0.0">
    <skipped/>
  </testcase> <!-- @AfterMethod afterEachTestMethod -->
  <testcase classname="base.BaseUtil" name="@BeforeMethod setUp" time="0.0">
    <skipped/>
  </testcase> <!-- @BeforeMethod setUp -->
  <testcase classname="base.BaseUtil" name="@BeforeMethod startExtent" time="0.0">
    <skipped/>
  </testcase> <!-- @BeforeMethod startExtent -->
  <testcase classname="testHomePage.TestMainPage" name="@BeforeMethod initElements" time="0.0">
    <skipped/>
  </testcase> <!-- @BeforeMethod initElements -->
  <testcase classname="base.BaseUtil" name="@AfterMethod afterEachTestMethod" time="0.0">
    <skipped/>
  </testcase> <!-- @AfterMethod afterEachTestMethod -->
  <testcase classname="base.BaseUtil" name="@BeforeMethod setUp" time="0.0">
    <skipped/>
  </testcase> <!-- @BeforeMethod setUp -->
  <testcase classname="base.BaseUtil" name="@BeforeMethod startExtent" time="0.0">
    <skipped/>
  </testcase> <!-- @BeforeMethod startExtent -->
  <testcase classname="testHomePage.TestMainPage" name="@BeforeMethod initElements" time="0.0">
    <skipped/>
  </testcase> <!-- @BeforeMethod initElements -->
  <testcase classname="base.BaseUtil" name="@AfterMethod afterEachTestMethod" time="0.0">
    <skipped/>
  </testcase> <!-- @AfterMethod afterEachTestMethod -->
  <testcase classname="base.BaseUtil" name="@BeforeMethod setUp" time="0.0">
    <skipped/>
  </testcase> <!-- @BeforeMethod setUp -->
  <testcase classname="base.BaseUtil" name="@BeforeMethod startExtent" time="0.0">
    <skipped/>
  </testcase> <!-- @BeforeMethod startExtent -->
  <testcase classname="testHomePage.TestMainPage" name="@BeforeMethod initElements" time="0.0">
    <skipped/>
  </testcase> <!-- @BeforeMethod initElements -->
  <testcase classname="base.BaseUtil" name="@AfterMethod afterEachTestMethod" time="0.0">
    <skipped/>
  </testcase> <!-- @AfterMethod afterEachTestMethod -->
  <testcase classname="base.BaseUtil" name="@BeforeMethod setUp" time="0.0">
    <skipped/>
  </testcase> <!-- @BeforeMethod setUp -->
  <testcase classname="base.BaseUtil" name="@BeforeMethod startExtent" time="0.0">
    <skipped/>
  </testcase> <!-- @BeforeMethod startExtent -->
  <testcase classname="testHomePage.TestMainPage" name="@BeforeMethod initElements" time="0.0">
    <skipped/>
  </testcase> <!-- @BeforeMethod initElements -->
  <testcase classname="base.BaseUtil" name="@AfterMethod afterEachTestMethod" time="0.0">
    <skipped/>
  </testcase> <!-- @AfterMethod afterEachTestMethod -->
  <testcase classname="base.BaseUtil" name="@BeforeMethod setUp" time="0.0">
    <skipped/>
  </testcase> <!-- @BeforeMethod setUp -->
  <testcase classname="base.BaseUtil" name="@BeforeMethod startExtent" time="0.0">
    <skipped/>
  </testcase> <!-- @BeforeMethod startExtent -->
  <testcase classname="testHomePage.TestMainPage" name="@BeforeMethod initElements" time="0.0">
    <skipped/>
  </testcase> <!-- @BeforeMethod initElements -->
  <testcase classname="base.BaseUtil" name="@AfterMethod afterEachTestMethod" time="0.0">
    <skipped/>
  </testcase> <!-- @AfterMethod afterEachTestMethod -->
  <testcase classname="base.BaseUtil" name="@BeforeMethod setUp" time="0.0">
    <skipped/>
  </testcase> <!-- @BeforeMethod setUp -->
  <testcase classname="base.BaseUtil" name="@BeforeMethod startExtent" time="0.0">
    <skipped/>
  </testcase> <!-- @BeforeMethod startExtent -->
  <testcase classname="testHomePage.TestMainPage" name="@BeforeMethod initElements" time="0.0">
    <skipped/>
  </testcase> <!-- @BeforeMethod initElements -->
  <testcase classname="base.BaseUtil" name="@AfterMethod afterEachTestMethod" time="0.0">
    <skipped/>
  </testcase> <!-- @AfterMethod afterEachTestMethod -->
  <testcase classname="base.BaseUtil" name="@BeforeMethod setUp" time="0.0">
    <skipped/>
  </testcase> <!-- @BeforeMethod setUp -->
  <testcase classname="base.BaseUtil" name="@BeforeMethod startExtent" time="0.0">
    <skipped/>
  </testcase> <!-- @BeforeMethod startExtent -->
  <testcase classname="testHomePage.TestMainPage" name="@BeforeMethod initElements" time="0.0">
    <skipped/>
  </testcase> <!-- @BeforeMethod initElements -->
  <testcase classname="base.BaseUtil" name="@AfterMethod afterEachTestMethod" time="0.0">
    <skipped/>
  </testcase> <!-- @AfterMethod afterEachTestMethod -->
  <testcase classname="base.BaseUtil" name="@BeforeMethod setUp" time="0.0">
    <skipped/>
  </testcase> <!-- @BeforeMethod setUp -->
  <testcase classname="base.BaseUtil" name="@BeforeMethod startExtent" time="0.0">
    <skipped/>
  </testcase> <!-- @BeforeMethod startExtent -->
  <testcase classname="testHomePage.TestMainPage" name="@BeforeMethod initElements" time="0.0">
    <skipped/>
  </testcase> <!-- @BeforeMethod initElements -->
  <testcase classname="base.BaseUtil" name="@AfterMethod afterEachTestMethod" time="0.0">
    <skipped/>
  </testcase> <!-- @AfterMethod afterEachTestMethod -->
  <testcase classname="base.BaseUtil" name="@BeforeMethod setUp" time="0.0">
    <skipped/>
  </testcase> <!-- @BeforeMethod setUp -->
  <testcase classname="base.BaseUtil" name="@BeforeMethod startExtent" time="0.0">
    <skipped/>
  </testcase> <!-- @BeforeMethod startExtent -->
  <testcase classname="testHomePage.TestMainPage" name="@BeforeMethod initElements" time="0.0">
    <skipped/>
  </testcase> <!-- @BeforeMethod initElements -->
  <testcase classname="base.BaseUtil" name="@AfterMethod afterEachTestMethod" time="0.0">
    <skipped/>
  </testcase> <!-- @AfterMethod afterEachTestMethod -->
  <testcase classname="base.BaseUtil" name="@BeforeMethod setUp" time="0.0">
    <skipped/>
  </testcase> <!-- @BeforeMethod setUp -->
  <testcase classname="base.BaseUtil" name="@BeforeMethod startExtent" time="0.0">
    <skipped/>
  </testcase> <!-- @BeforeMethod startExtent -->
  <testcase classname="testHomePage.TestMainPage" name="@BeforeMethod initElements" time="0.0">
    <skipped/>
  </testcase> <!-- @BeforeMethod initElements -->
  <testcase classname="base.BaseUtil" name="@AfterMethod afterEachTestMethod" time="0.0">
    <skipped/>
  </testcase> <!-- @AfterMethod afterEachTestMethod -->
  <testcase classname="testHomePage.TestMainPage" name="testAboutAmazon" time="0.0">
    <skipped/>
  </testcase> <!-- testAboutAmazon -->
  <testcase classname="testHomePage.TestMainPage" name="testAdFeedback" time="0.0">
    <skipped/>
  </testcase> <!-- testAdFeedback -->
  <testcase classname="testHomePage.TestMainPage" name="testAdvertiseYourProducts" time="0.0">
    <skipped/>
  </testcase> <!-- testAdvertiseYourProducts -->
  <testcase classname="testHomePage.TestMainPage" name="testAffordableApparel" time="0.0">
    <skipped/>
  </testcase> <!-- testAffordableApparel -->
  <testcase classname="testHomePage.TestMainPage" name="testAmazonAdvertising" time="0.0">
    <skipped/>
  </testcase> <!-- testAmazonAdvertising -->
  <testcase classname="testHomePage.TestMainPage" name="testAmazonAssistant" time="0.0">
    <skipped/>
  </testcase> <!-- testAmazonAssistant -->
  <testcase classname="testHomePage.TestMainPage" name="testAmazonBusiness" time="0.0">
    <skipped/>
  </testcase> <!-- testAmazonBusiness -->
  <testcase classname="testHomePage.TestMainPage" name="testAmazonBusinessCard" time="0.0">
    <skipped/>
  </testcase> <!-- testAmazonBusinessCard -->
  <testcase classname="testHomePage.TestMainPage" name="testAmazonCurrencyConverter" time="0.0">
    <skipped/>
  </testcase> <!-- testAmazonCurrencyConverter -->
  <testcase classname="testHomePage.TestMainPage" name="testAmazonDevices" time="0.0">
    <skipped/>
  </testcase> <!-- testAmazonDevices -->
  <testcase classname="testHomePage.TestMainPage" name="testAmazonDotComCorporateCreditLine" time="0.0">
    <skipped/>
  </testcase> <!-- testAmazonDotComCorporateCreditLine -->
  <testcase classname="testHomePage.TestMainPage" name="testAmazonDotComStoreCard" time="0.0">
    <skipped/>
  </testcase> <!-- testAmazonDotComStoreCard -->
  <testcase classname="testHomePage.TestMainPage" name="testAmazonDrive" time="0.0">
    <skipped/>
  </testcase> <!-- testAmazonDrive -->
  <testcase classname="testHomePage.TestMainPage" name="testAmazonFresh" time="0.0">
    <skipped/>
  </testcase> <!-- testAmazonFresh -->
  <testcase classname="testHomePage.TestMainPage" name="testAmazonGlobal" time="0.0">
    <skipped/>
  </testcase> <!-- testAmazonGlobal -->
  <testcase classname="testHomePage.TestMainPage" name="testAmazonMusic" time="0.0">
    <skipped/>
  </testcase> <!-- testAmazonMusic -->
  <testcase classname="testHomePage.TestMainPage" name="testAmazonPaymentProducts" time="0.0">
    <skipped/>
  </testcase> <!-- testAmazonPaymentProducts -->
  <testcase classname="testHomePage.TestMainPage" name="testAmazonPhotos" time="0.0">
    <skipped/>
  </testcase> <!-- testAmazonPhotos -->
  <testcase classname="testHomePage.TestMainPage" name="testAmazonPrime" time="0.0">
    <skipped/>
  </testcase> <!-- testAmazonPrime -->
  <testcase classname="testHomePage.TestMainPage" name="testAmazonRewardsVisaSignatureCards" time="0.0">
    <skipped/>
  </testcase> <!-- testAmazonRewardsVisaSignatureCards -->
  <testcase classname="testHomePage.TestMainPage" name="testAmazonWebServices" time="0.0">
    <skipped/>
  </testcase> <!-- testAmazonWebServices -->
  <testcase classname="testHomePage.TestMainPage" name="testAudible" time="0.0">
    <skipped/>
  </testcase> <!-- testAudible -->
  <testcase classname="testHomePage.TestMainPage" name="testBecomeAnAffiliate" time="0.0">
    <skipped/>
  </testcase> <!-- testBecomeAnAffiliate -->
  <testcase classname="testHomePage.TestMainPage" name="testBlog" time="0.0">
    <skipped/>
  </testcase> <!-- testBlog -->
  <testcase classname="testHomePage.TestMainPage" name="testBookDepository" time="0.0">
    <skipped/>
  </testcase> <!-- testBookDepository -->
  <testcase classname="testHomePage.TestMainPage" name="testCareer" time="0.0">
    <skipped/>
  </testcase> <!-- testCareer -->
  <testcase classname="testHomePage.TestMainPage" name="testCreditCardMarketplace" time="0.0">
    <skipped/>
  </testcase> <!-- testCreditCardMarketplace -->
  <testcase classname="testHomePage.TestMainPage" name="testEastDane" time="0.0">
    <skipped/>
  </testcase> <!-- testEastDane -->
  <testcase classname="testHomePage.TestMainPage" name="testEmailPhoneForMobileAccounts" time="0.0">
    <skipped/>
  </testcase> <!-- testEmailPhoneForMobileAccounts -->
  <testcase classname="testHomePage.TestMainPage" name="testFabric" time="0.0">
    <skipped/>
  </testcase> <!-- testFabric -->
  <testcase classname="testHomePage.TestMainPage" name="testGetToKnowUs" time="0.0">
    <skipped/>
  </testcase> <!-- testGetToKnowUs -->
  <testcase classname="testHomePage.TestMainPage" name="testGiftCards" time="0.0">
    <skipped/>
  </testcase> <!-- testGiftCards -->
  <testcase classname="testHomePage.TestMainPage" name="testGoodReads" time="0.0">
    <skipped/>
  </testcase> <!-- testGoodReads -->
  <testcase classname="testHomePage.TestMainPage" name="testInvestorRelations" time="0.0">
    <skipped/>
  </testcase> <!-- testInvestorRelations -->
  <testcase classname="testHomePage.TestMainPage" name="testLetUsHelpYou" time="0.0">
    <skipped/>
  </testcase> <!-- testLetUsHelpYou -->
  <testcase classname="testHomePage.TestMainPage" name="testMakeMoneyWithUs" time="0.0">
    <skipped/>
  </testcase> <!-- testMakeMoneyWithUs -->
  <testcase classname="testHomePage.TestMainPage" name="testManageYourContentAndDevices" time="0.0">
    <skipped/>
  </testcase> <!-- testManageYourContentAndDevices -->
  <testcase classname="testHomePage.TestMainPage" name="testNewYear" time="0.0">
    <skipped/>
  </testcase> <!-- testNewYear -->
  <testcase classname="testHomePage.TestMainPage" name="testNewYearNewYouReinventYourself" time="0.0">
    <skipped/>
  </testcase> <!-- testNewYearNewYouReinventYourself -->
  <testcase classname="testHomePage.TestMainPage" name="testOrders" time="0.0">
    <skipped/>
  </testcase> <!-- testOrders -->
  <testcase classname="testHomePage.TestMainPage" name="testPressCenter" time="0.0">
    <skipped/>
  </testcase> <!-- testPressCenter -->
  <testcase classname="testHomePage.TestMainPage" name="testPrimeNow" time="0.0">
    <skipped/>
  </testcase> <!-- testPrimeNow -->
  <testcase classname="testHomePage.TestMainPage" name="testPrimeVideoDirect" time="0.0">
    <skipped/>
  </testcase> <!-- testPrimeVideoDirect -->
  <testcase classname="testHomePage.TestMainPage" name="testRecommendedItemsOtherCustomersOftenBuyAgain" time="0.0">
    <skipped/>
  </testcase> <!-- testRecommendedItemsOtherCustomersOftenBuyAgain -->
  <testcase classname="testHomePage.TestMainPage" name="testReloadYourBalance" time="0.0">
    <skipped/>
  </testcase> <!-- testReloadYourBalance -->
  <testcase classname="testHomePage.TestMainPage" name="testReturnsAndReplacements" time="0.0">
    <skipped/>
  </testcase> <!-- testReturnsAndReplacements -->
  <testcase classname="testHomePage.TestMainPage" name="testSeeMore" time="0.0">
    <skipped/>
  </testcase> <!-- testSeeMore -->
  <testcase classname="testHomePage.TestMainPage" name="testSelfPublishWithUs" time="0.0">
    <skipped/>
  </testcase> <!-- testSelfPublishWithUs -->
  <testcase classname="testHomePage.TestMainPage" name="testSellOnAmazon" time="0.0">
    <skipped/>
  </testcase> <!-- testSellOnAmazon -->
  <testcase classname="testHomePage.TestMainPage" name="testSellOnAmazonBusiness" time="0.0">
    <skipped/>
  </testcase> <!-- testSellOnAmazonBusiness -->
  <testcase classname="testHomePage.TestMainPage" name="testSellOnAmazonHandmade" time="0.0">
    <skipped/>
  </testcase> <!-- testSellOnAmazonHandmade -->
  <testcase classname="testHomePage.TestMainPage" name="testSellUnderPrivateBrands" time="0.0">
    <skipped/>
  </testcase> <!-- testSellUnderPrivateBrands -->
  <testcase classname="testHomePage.TestMainPage" name="testSellYourAppsOnAmazon" time="0.0">
    <skipped/>
  </testcase> <!-- testSellYourAppsOnAmazon -->
  <testcase classname="testHomePage.TestMainPage" name="testSellYourServicesOnAmazon" time="0.0">
    <skipped/>
  </testcase> <!-- testSellYourServicesOnAmazon -->
  <testcase classname="testHomePage.TestMainPage" name="testShippingRatesAndPolicies" time="0.0">
    <skipped/>
  </testcase> <!-- testShippingRatesAndPolicies -->
  <testcase classname="testHomePage.TestMainPage" name="testShopNow" time="0.0">
    <skipped/>
  </testcase> <!-- testShopNow -->
  <testcase classname="testHomePage.TestMainPage" name="testSignInForTheBestExperience" time="0.0">
    <skipped/>
  </testcase> <!-- testSignInForTheBestExperience -->
  <testcase classname="testHomePage.TestMainPage" name="testThisWeeksBargainItems" time="0.0">
    <skipped/>
  </testcase> <!-- testThisWeeksBargainItems -->
  <testcase classname="testHomePage.TestMainPage" name="testThisWeeksNewReleases" time="0.0">
    <skipped/>
  </testcase> <!-- testThisWeeksNewReleases -->
  <testcase classname="testHomePage.TestMainPage" name="testTodaysDeal" time="0.0">
    <skipped/>
  </testcase> <!-- testTodaysDeal -->
  <testcase classname="testHomePage.TestMainPage" name="testTodaysDealsUnder$25" time="0.0">
    <skipped/>
  </testcase> <!-- testTodaysDealsUnder$25 -->
  <testcase classname="testHomePage.TestMainPage" name="testTrendsInLowPricedWatches" time="0.0">
    <skipped/>
  </testcase> <!-- testTrendsInLowPricedWatches -->
  <testcase classname="testHomePage.TestMainPage" name="testWholeFoods" time="0.0">
    <skipped/>
  </testcase> <!-- testWholeFoods -->
  <testcase classname="testHomePage.TestMainPage" name="testYourAccount" time="0.0">
    <skipped/>
  </testcase> <!-- testYourAccount -->
  <testcase classname="testHomePage.TestMainPage" name="testYourAmazonDotCom" time="0.0">
    <skipped/>
  </testcase> <!-- testYourAmazonDotCom -->
  <testcase classname="testHomePage.TestMainPage" name="testYourOrders" time="0.0">
    <skipped/>
  </testcase> <!-- testYourOrders -->
  <testcase classname="testHomePage.TestMainPage" name="testZappos" time="0.0">
    <skipped/>
  </testcase> <!-- testZappos -->
  <testcase classname="testHomePage.TestMainPage" name="testviewSearchBox" time="0.0">
    <skipped/>
  </testcase> <!-- testviewSearchBox -->
  <testcase classname="testHomePage.TestMainPage" name="testLogo" time="0.0">
    <skipped/>
  </testcase> <!-- testLogo -->
</testsuite> <!-- Amazon Home -->
